c:\users\pedro\desktop\final\project\cgj\cgj\intermediate\x64\debug\vc142.pdb
c:\users\pedro\desktop\final\project\cgj\cgj\intermediate\x64\debug\vc142.idb
c:\users\pedro\desktop\final\project\cgj\cgj\intermediate\x64\debug\shadows_fbos.obj
c:\users\pedro\desktop\final\project\cgj\cgj\intermediate\x64\debug\shadowmap.obj
c:\users\pedro\desktop\final\project\cgj\cgj\intermediate\x64\debug\mesh.obj
c:\users\pedro\desktop\final\project\cgj\cgj\intermediate\x64\debug\shader_manager.obj
c:\users\pedro\desktop\final\project\cgj\cgj\intermediate\x64\debug\shader.obj
c:\users\pedro\desktop\final\project\cgj\cgj\intermediate\x64\debug\scene_node.obj
c:\users\pedro\desktop\final\project\cgj\cgj\intermediate\x64\debug\scene_manager.obj
c:\users\pedro\desktop\final\project\cgj\cgj\intermediate\x64\debug\scene_graph.obj
c:\users\pedro\desktop\final\project\cgj\cgj\intermediate\x64\debug\sampler.obj
c:\users\pedro\desktop\final\project\cgj\cgj\intermediate\x64\debug\rain_particle_system.obj
c:\users\pedro\desktop\final\project\cgj\cgj\intermediate\x64\debug\quaternion.obj
c:\users\pedro\desktop\final\project\cgj\cgj\intermediate\x64\debug\particle_system.obj
c:\users\pedro\desktop\final\project\cgj\cgj\intermediate\x64\debug\particle.obj
c:\users\pedro\desktop\final\project\cgj\cgj\intermediate\x64\debug\mesh_manager.obj
c:\users\pedro\desktop\final\project\cgj\cgj\intermediate\x64\debug\matrix_factory.obj
c:\users\pedro\desktop\final\project\cgj\cgj\intermediate\x64\debug\matrices.obj
c:\users\pedro\desktop\final\project\cgj\cgj\intermediate\x64\debug\keybuffer.obj
c:\users\pedro\desktop\final\project\cgj\cgj\intermediate\x64\debug\fire_particle_system.obj
c:\users\pedro\desktop\final\project\cgj\cgj\intermediate\x64\debug\demo.obj
c:\users\pedro\desktop\final\project\cgj\cgj\intermediate\x64\debug\camera.obj
c:\users\pedro\desktop\final\project\cgj\cgj\intermediate\x64\debug\water_fbos.obj
c:\users\pedro\desktop\final\project\cgj\cgj\intermediate\x64\debug\water.obj
c:\users\pedro\desktop\final\project\cgj\cgj\intermediate\x64\debug\vectors.obj
c:\users\pedro\desktop\final\project\cgj\cgj\intermediate\x64\debug\texture_manager.obj
c:\users\pedro\desktop\final\project\cgj\cgj\intermediate\x64\debug\texture.obj
c:\users\pedro\desktop\final\project\cgj\cgj\intermediate\x64\debug\glprogram.obj
c:\users\pedro\desktop\final\bin\x64\cgj_d.exe
c:\users\pedro\desktop\final\bin\x64\cgj_d.ilk
c:\users\pedro\desktop\final\bin\x64\cgj_d.pdb
c:\users\pedro\desktop\final\project\cgj\..\..\bin\x64\cgj_d.pdb
c:\users\pedro\desktop\final\project\cgj\..\..\bin\x64\cgj_d.exe
c:\users\pedro\desktop\final\project\cgj\..\..\bin\x64\cgj_d.ilk
c:\users\pedro\desktop\final\project\cgj\cgj\intermediate\x64\debug\cgj.tlog\cl.command.1.tlog
c:\users\pedro\desktop\final\project\cgj\cgj\intermediate\x64\debug\cgj.tlog\cl.read.1.tlog
c:\users\pedro\desktop\final\project\cgj\cgj\intermediate\x64\debug\cgj.tlog\cl.write.1.tlog
c:\users\pedro\desktop\final\project\cgj\cgj\intermediate\x64\debug\cgj.tlog\link.command.1.tlog
c:\users\pedro\desktop\final\project\cgj\cgj\intermediate\x64\debug\cgj.tlog\link.read.1.tlog
c:\users\pedro\desktop\final\project\cgj\cgj\intermediate\x64\debug\cgj.tlog\link.write.1.tlog
