c:\users\pedro\desktop\final\bin\x64\cgj.ipdb
c:\users\pedro\desktop\final\bin\x64\cgj.iobj
c:\users\pedro\desktop\final\project\cgj\cgj\intermediate\x64\release\vc142.pdb
c:\users\pedro\desktop\final\project\cgj\cgj\intermediate\x64\release\shadows_fbos.obj
c:\users\pedro\desktop\final\project\cgj\cgj\intermediate\x64\release\shadowmap.obj
c:\users\pedro\desktop\final\project\cgj\cgj\intermediate\x64\release\mesh.obj
c:\users\pedro\desktop\final\project\cgj\cgj\intermediate\x64\release\shader_manager.obj
c:\users\pedro\desktop\final\project\cgj\cgj\intermediate\x64\release\shader.obj
c:\users\pedro\desktop\final\project\cgj\cgj\intermediate\x64\release\scene_node.obj
c:\users\pedro\desktop\final\project\cgj\cgj\intermediate\x64\release\scene_manager.obj
c:\users\pedro\desktop\final\project\cgj\cgj\intermediate\x64\release\scene_graph.obj
c:\users\pedro\desktop\final\project\cgj\cgj\intermediate\x64\release\rain_particle_system.obj
c:\users\pedro\desktop\final\project\cgj\cgj\intermediate\x64\release\quaternion.obj
c:\users\pedro\desktop\final\project\cgj\cgj\intermediate\x64\release\particle_system.obj
c:\users\pedro\desktop\final\project\cgj\cgj\intermediate\x64\release\particle.obj
c:\users\pedro\desktop\final\project\cgj\cgj\intermediate\x64\release\mesh_manager.obj
c:\users\pedro\desktop\final\project\cgj\cgj\intermediate\x64\release\matrix_factory.obj
c:\users\pedro\desktop\final\project\cgj\cgj\intermediate\x64\release\matrices.obj
c:\users\pedro\desktop\final\project\cgj\cgj\intermediate\x64\release\keybuffer.obj
c:\users\pedro\desktop\final\project\cgj\cgj\intermediate\x64\release\glprogram.obj
c:\users\pedro\desktop\final\project\cgj\cgj\intermediate\x64\release\fire_particle_system.obj
c:\users\pedro\desktop\final\project\cgj\cgj\intermediate\x64\release\demo.obj
c:\users\pedro\desktop\final\project\cgj\cgj\intermediate\x64\release\camera.obj
c:\users\pedro\desktop\final\project\cgj\cgj\intermediate\x64\release\water_fbos.obj
c:\users\pedro\desktop\final\project\cgj\cgj\intermediate\x64\release\water.obj
c:\users\pedro\desktop\final\project\cgj\cgj\intermediate\x64\release\vectors.obj
c:\users\pedro\desktop\final\project\cgj\cgj\intermediate\x64\release\texture_manager.obj
c:\users\pedro\desktop\final\project\cgj\cgj\intermediate\x64\release\texture.obj
c:\users\pedro\desktop\final\bin\x64\cgj.exe
c:\users\pedro\desktop\final\bin\x64\cgj.pdb
c:\users\pedro\desktop\final\project\cgj\..\..\bin\x64\cgj.pdb
c:\users\pedro\desktop\final\project\cgj\..\..\bin\x64\cgj.exe
c:\users\pedro\desktop\final\project\cgj\cgj\intermediate\x64\release\cgj.tlog\cgj.write.1u.tlog
c:\users\pedro\desktop\final\project\cgj\cgj\intermediate\x64\release\cgj.tlog\cl.command.1.tlog
c:\users\pedro\desktop\final\project\cgj\cgj\intermediate\x64\release\cgj.tlog\cl.read.1.tlog
c:\users\pedro\desktop\final\project\cgj\cgj\intermediate\x64\release\cgj.tlog\cl.write.1.tlog
c:\users\pedro\desktop\final\project\cgj\cgj\intermediate\x64\release\cgj.tlog\link.command.1.tlog
c:\users\pedro\desktop\final\project\cgj\cgj\intermediate\x64\release\cgj.tlog\link.read.1.tlog
c:\users\pedro\desktop\final\project\cgj\cgj\intermediate\x64\release\cgj.tlog\link.write.1.tlog
